The system is: Linux - 2.6.32-696.el6.x86_64 - x86_64
Compiling the C compiler identification source file "CMakeCCompilerId.c" succeeded.
Compiler: /ldfssz1/ST_META/share/flow/anaconda3/bin/gcc 
Build flags: 
Id flags:  

The output was:
0
/usr/bin/ld: skipping incompatible /usr/lib/../lib/libc.so when searching for -lc


Compilation of the C compiler identification source "CMakeCCompilerId.c" produced "a.out"

The C compiler identification is GNU, found in "/ldfssz1/MGI_ALGORITHM/assembly/wengjiancong/My_software/IterCluster-MCL/CMakeFiles/3.9.1/CompilerIdC/a.out"

Compiling the CXX compiler identification source file "CMakeCXXCompilerId.cpp" succeeded.
Compiler: /share/app/gcc-5.2.0/bin/g++ 
Build flags: 
Id flags:  

The output was:
0


Compilation of the CXX compiler identification source "CMakeCXXCompilerId.cpp" produced "a.out"

The CXX compiler identification is GNU, found in "/ldfssz1/MGI_ALGORITHM/assembly/wengjiancong/My_software/IterCluster-MCL/CMakeFiles/3.9.1/CompilerIdCXX/a.out"

Determining if the C compiler works passed with the following output:
Change Dir: /ldfssz1/MGI_ALGORITHM/assembly/wengjiancong/My_software/IterCluster-MCL/CMakeFiles/CMakeTmp

Run Build Command:"/usr/bin/gmake" "cmTC_a57bc/fast"
/usr/bin/gmake -f CMakeFiles/cmTC_a57bc.dir/build.make CMakeFiles/cmTC_a57bc.dir/build
gmake[1]: Entering directory `/ldfssz1/MGI_ALGORITHM/assembly/wengjiancong/My_software/IterCluster-MCL/CMakeFiles/CMakeTmp'
Building C object CMakeFiles/cmTC_a57bc.dir/testCCompiler.c.o
/ldfssz1/ST_META/share/flow/anaconda3/bin/gcc    -o CMakeFiles/cmTC_a57bc.dir/testCCompiler.c.o   -c /ldfssz1/MGI_ALGORITHM/assembly/wengjiancong/My_software/IterCluster-MCL/CMakeFiles/CMakeTmp/testCCompiler.c
Linking C executable cmTC_a57bc
/ldfssz1/MGI_ALGORITHM/assembly/huangweihua/bin/cmake-3.9.1/bin/cmake -E cmake_link_script CMakeFiles/cmTC_a57bc.dir/link.txt --verbose=1
/ldfssz1/ST_META/share/flow/anaconda3/bin/gcc      -rdynamic CMakeFiles/cmTC_a57bc.dir/testCCompiler.c.o  -o cmTC_a57bc 
/usr/bin/ld: skipping incompatible /usr/lib/../lib/libc.so when searching for -lc
gmake[1]: Leaving directory `/ldfssz1/MGI_ALGORITHM/assembly/wengjiancong/My_software/IterCluster-MCL/CMakeFiles/CMakeTmp'


Detecting C compiler ABI info compiled with the following output:
Change Dir: /ldfssz1/MGI_ALGORITHM/assembly/wengjiancong/My_software/IterCluster-MCL/CMakeFiles/CMakeTmp

Run Build Command:"/usr/bin/gmake" "cmTC_a225f/fast"
/usr/bin/gmake -f CMakeFiles/cmTC_a225f.dir/build.make CMakeFiles/cmTC_a225f.dir/build
gmake[1]: Entering directory `/ldfssz1/MGI_ALGORITHM/assembly/wengjiancong/My_software/IterCluster-MCL/CMakeFiles/CMakeTmp'
Building C object CMakeFiles/cmTC_a225f.dir/CMakeCCompilerABI.c.o
/ldfssz1/ST_META/share/flow/anaconda3/bin/gcc    -o CMakeFiles/cmTC_a225f.dir/CMakeCCompilerABI.c.o   -c /ldfssz1/MGI_ALGORITHM/assembly/huangweihua/bin/cmake-3.9.1/Modules/CMakeCCompilerABI.c
Linking C executable cmTC_a225f
/ldfssz1/MGI_ALGORITHM/assembly/huangweihua/bin/cmake-3.9.1/bin/cmake -E cmake_link_script CMakeFiles/cmTC_a225f.dir/link.txt --verbose=1
/ldfssz1/ST_META/share/flow/anaconda3/bin/gcc     -v -rdynamic CMakeFiles/cmTC_a225f.dir/CMakeCCompilerABI.c.o  -o cmTC_a225f 
Reading specs from /ldfssz1/ST_META/share/flow/anaconda3/bin/../lib/gcc/x86_64-unknown-linux-gnu/4.8.5/specs
COLLECT_GCC=/ldfssz1/ST_META/share/flow/anaconda3/bin/gcc
COLLECT_LTO_WRAPPER=/ldfssz1/ST_META/share/flow/anaconda3/bin/../libexec/gcc/x86_64-unknown-linux-gnu/4.8.5/lto-wrapper
Target: x86_64-unknown-linux-gnu
Configured with: ./configure --prefix=/home/ray/mc-x64-2.7/conda-bld/gcc_1479223211463/_b_env_placehold_placehold_placehold_placehold_placehold_placehold_placehold_placehold_placehold_placehold_placehold_placehold_placehold_placehold_placehold_placehold_placehold_placehold_placehold_placehold --with-gxx-include-dir=/home/ray/mc-x64-2.7/conda-bld/gcc_1479223211463/_b_env_placehold_placehold_placehold_placehold_placehold_placehold_placehold_placehold_placehold_placehold_placehold_placehold_placehold_placehold_placehold_placehold_placehold_placehold_placehold_placehold/gcc/include/c++ --bindir=/home/ray/mc-x64-2.7/conda-bld/gcc_1479223211463/_b_env_placehold_placehold_placehold_placehold_placehold_placehold_placehold_placehold_placehold_placehold_placehold_placehold_placehold_placehold_placehold_placehold_placehold_placehold_placehold_placehold/bin --datarootdir=/home/ray/mc-x64-2.7/conda-bld/gcc_1479223211463/_b_env_placehold_placehold_placehold_placehold_placehold_placehold_placehold_placehold_placehold_placehold_placehold_placehold_placehold_placehold_placehold_placehold_placehold_placehold_placehold_placehold/share --libdir=/home/ray/mc-x64-2.7/conda-bld/gcc_1479223211463/_b_env_placehold_placehold_placehold_placehold_placehold_placehold_placehold_placehold_placehold_placehold_placehold_placehold_placehold_placehold_placehold_placehold_placehold_placehold_placehold_placehold/lib --with-gmp=/home/ray/mc-x64-2.7/conda-bld/gcc_1479223211463/_b_env_placehold_placehold_placehold_placehold_placehold_placehold_placehold_placehold_placehold_placehold_placehold_placehold_placehold_placehold_placehold_placehold_placehold_placehold_placehold_placehold --with-mpfr=/home/ray/mc-x64-2.7/conda-bld/gcc_1479223211463/_b_env_placehold_placehold_placehold_placehold_placehold_placehold_placehold_placehold_placehold_placehold_placehold_placehold_placehold_placehold_placehold_placehold_placehold_placehold_placehold_placehold --with-mpc=/home/ray/mc-x64-2.7/conda-bld/gcc_1479223211463/_b_env_placehold_placehold_placehold_placehold_placehold_placehold_placehold_placehold_placehold_placehold_placehold_placehold_placehold_placehold_placehold_placehold_placehold_placehold_placehold_placehold --with-isl=/home/ray/mc-x64-2.7/conda-bld/gcc_1479223211463/_b_env_placehold_placehold_placehold_placehold_placehold_placehold_placehold_placehold_placehold_placehold_placehold_placehold_placehold_placehold_placehold_placehold_placehold_placehold_placehold_placehold --with-cloog=/home/ray/mc-x64-2.7/conda-bld/gcc_1479223211463/_b_env_placehold_placehold_placehold_placehold_placehold_placehold_placehold_placehold_placehold_placehold_placehold_placehold_placehold_placehold_placehold_placehold_placehold_placehold_placehold_placehold --enable-checking=release --with-tune=generic --disable-multilib
Thread model: posix
gcc version 4.8.5 (GCC) 
COMPILER_PATH=/ldfssz1/ST_META/share/flow/anaconda3/bin/../libexec/gcc/x86_64-unknown-linux-gnu/4.8.5/:/ldfssz1/ST_META/share/flow/anaconda3/bin/../libexec/gcc/
LIBRARY_PATH=/ldfssz1/ST_META/share/flow/anaconda3/bin/../lib/gcc/x86_64-unknown-linux-gnu/4.8.5/:/ldfssz1/ST_META/share/flow/anaconda3/bin/../lib/gcc/:/ldfssz1/ST_META/share/flow/anaconda3/bin/../lib/gcc/x86_64-unknown-linux-gnu/4.8.5/../../../../lib/:/lib/../lib/:/usr/lib/../lib/:/ldfssz1/ST_META/share/flow/anaconda3/bin/../lib/gcc/x86_64-unknown-linux-gnu/4.8.5/../../../:/lib/:/usr/lib/
COLLECT_GCC_OPTIONS='-v' '-rdynamic' '-o' 'cmTC_a225f' '-mtune=generic' '-march=x86-64'
 /ldfssz1/ST_META/share/flow/anaconda3/bin/../libexec/gcc/x86_64-unknown-linux-gnu/4.8.5/collect2 --eh-frame-hdr -m elf_x86_64 -export-dynamic -dynamic-linker /lib64/ld-linux-x86-64.so.2 -o cmTC_a225f /ldfssz1/ST_META/share/flow/anaconda3/bin/../lib/gcc/x86_64-unknown-linux-gnu/4.8.5/../../../../lib/crt1.o /ldfssz1/ST_META/share/flow/anaconda3/bin/../lib/gcc/x86_64-unknown-linux-gnu/4.8.5/../../../../lib/crti.o /ldfssz1/ST_META/share/flow/anaconda3/bin/../lib/gcc/x86_64-unknown-linux-gnu/4.8.5/crtbegin.o -L/ldfssz1/ST_META/share/flow/anaconda3/bin/../lib/gcc/x86_64-unknown-linux-gnu/4.8.5 -L/ldfssz1/ST_META/share/flow/anaconda3/bin/../lib/gcc -L/ldfssz1/ST_META/share/flow/anaconda3/bin/../lib/gcc/x86_64-unknown-linux-gnu/4.8.5/../../../../lib -L/lib/../lib -L/usr/lib/../lib -L/ldfssz1/ST_META/share/flow/anaconda3/bin/../lib/gcc/x86_64-unknown-linux-gnu/4.8.5/../../.. CMakeFiles/cmTC_a225f.dir/CMakeCCompilerABI.c.o -lgcc --as-needed -lgcc_s --no-as-needed -lc -lgcc --as-needed -lgcc_s --no-as-needed /ldfssz1/ST_META/share/flow/anaconda3/bin/../lib/gcc/x86_64-unknown-linux-gnu/4.8.5/crtend.o /ldfssz1/ST_META/share/flow/anaconda3/bin/../lib/gcc/x86_64-unknown-linux-gnu/4.8.5/../../../../lib/crtn.o
/usr/bin/ld: skipping incompatible /usr/lib/../lib/libc.so when searching for -lc
gmake[1]: Leaving directory `/ldfssz1/MGI_ALGORITHM/assembly/wengjiancong/My_software/IterCluster-MCL/CMakeFiles/CMakeTmp'


Parsed C implicit link information from above output:
  link line regex: [^( *|.*[/\])(ld|CMAKE_LINK_STARTFILE-NOTFOUND|([^/\]+-)?ld|collect2)[^/\]*( |$)]
  ignore line: [Change Dir: /ldfssz1/MGI_ALGORITHM/assembly/wengjiancong/My_software/IterCluster-MCL/CMakeFiles/CMakeTmp]
  ignore line: []
  ignore line: [Run Build Command:"/usr/bin/gmake" "cmTC_a225f/fast"]
  ignore line: [/usr/bin/gmake -f CMakeFiles/cmTC_a225f.dir/build.make CMakeFiles/cmTC_a225f.dir/build]
  ignore line: [gmake[1]: Entering directory `/ldfssz1/MGI_ALGORITHM/assembly/wengjiancong/My_software/IterCluster-MCL/CMakeFiles/CMakeTmp']
  ignore line: [Building C object CMakeFiles/cmTC_a225f.dir/CMakeCCompilerABI.c.o]
  ignore line: [/ldfssz1/ST_META/share/flow/anaconda3/bin/gcc    -o CMakeFiles/cmTC_a225f.dir/CMakeCCompilerABI.c.o   -c /ldfssz1/MGI_ALGORITHM/assembly/huangweihua/bin/cmake-3.9.1/Modules/CMakeCCompilerABI.c]
  ignore line: [Linking C executable cmTC_a225f]
  ignore line: [/ldfssz1/MGI_ALGORITHM/assembly/huangweihua/bin/cmake-3.9.1/bin/cmake -E cmake_link_script CMakeFiles/cmTC_a225f.dir/link.txt --verbose=1]
  ignore line: [/ldfssz1/ST_META/share/flow/anaconda3/bin/gcc     -v -rdynamic CMakeFiles/cmTC_a225f.dir/CMakeCCompilerABI.c.o  -o cmTC_a225f ]
  ignore line: [Reading specs from /ldfssz1/ST_META/share/flow/anaconda3/bin/../lib/gcc/x86_64-unknown-linux-gnu/4.8.5/specs]
  ignore line: [COLLECT_GCC=/ldfssz1/ST_META/share/flow/anaconda3/bin/gcc]
  ignore line: [COLLECT_LTO_WRAPPER=/ldfssz1/ST_META/share/flow/anaconda3/bin/../libexec/gcc/x86_64-unknown-linux-gnu/4.8.5/lto-wrapper]
  ignore line: [Target: x86_64-unknown-linux-gnu]
  ignore line: [Configured with: ./configure --prefix=/home/ray/mc-x64-2.7/conda-bld/gcc_1479223211463/_b_env_placehold_placehold_placehold_placehold_placehold_placehold_placehold_placehold_placehold_placehold_placehold_placehold_placehold_placehold_placehold_placehold_placehold_placehold_placehold_placehold --with-gxx-include-dir=/home/ray/mc-x64-2.7/conda-bld/gcc_1479223211463/_b_env_placehold_placehold_placehold_placehold_placehold_placehold_placehold_placehold_placehold_placehold_placehold_placehold_placehold_placehold_placehold_placehold_placehold_placehold_placehold_placehold/gcc/include/c++ --bindir=/home/ray/mc-x64-2.7/conda-bld/gcc_1479223211463/_b_env_placehold_placehold_placehold_placehold_placehold_placehold_placehold_placehold_placehold_placehold_placehold_placehold_placehold_placehold_placehold_placehold_placehold_placehold_placehold_placehold/bin --datarootdir=/home/ray/mc-x64-2.7/conda-bld/gcc_1479223211463/_b_env_placehold_placehold_placehold_placehold_placehold_placehold_placehold_placehold_placehold_placehold_placehold_placehold_placehold_placehold_placehold_placehold_placehold_placehold_placehold_placehold/share --libdir=/home/ray/mc-x64-2.7/conda-bld/gcc_1479223211463/_b_env_placehold_placehold_placehold_placehold_placehold_placehold_placehold_placehold_placehold_placehold_placehold_placehold_placehold_placehold_placehold_placehold_placehold_placehold_placehold_placehold/lib --with-gmp=/home/ray/mc-x64-2.7/conda-bld/gcc_1479223211463/_b_env_placehold_placehold_placehold_placehold_placehold_placehold_placehold_placehold_placehold_placehold_placehold_placehold_placehold_placehold_placehold_placehold_placehold_placehold_placehold_placehold --with-mpfr=/home/ray/mc-x64-2.7/conda-bld/gcc_1479223211463/_b_env_placehold_placehold_placehold_placehold_placehold_placehold_placehold_placehold_placehold_placehold_placehold_placehold_placehold_placehold_placehold_placehold_placehold_placehold_placehold_placehold --with-mpc=/home/ray/mc-x64-2.7/conda-bld/gcc_1479223211463/_b_env_placehold_placehold_placehold_placehold_placehold_placehold_placehold_placehold_placehold_placehold_placehold_placehold_placehold_placehold_placehold_placehold_placehold_placehold_placehold_placehold --with-isl=/home/ray/mc-x64-2.7/conda-bld/gcc_1479223211463/_b_env_placehold_placehold_placehold_placehold_placehold_placehold_placehold_placehold_placehold_placehold_placehold_placehold_placehold_placehold_placehold_placehold_placehold_placehold_placehold_placehold --with-cloog=/home/ray/mc-x64-2.7/conda-bld/gcc_1479223211463/_b_env_placehold_placehold_placehold_placehold_placehold_placehold_placehold_placehold_placehold_placehold_placehold_placehold_placehold_placehold_placehold_placehold_placehold_placehold_placehold_placehold --enable-checking=release --with-tune=generic --disable-multilib]
  ignore line: [Thread model: posix]
  ignore line: [gcc version 4.8.5 (GCC) ]
  ignore line: [COMPILER_PATH=/ldfssz1/ST_META/share/flow/anaconda3/bin/../libexec/gcc/x86_64-unknown-linux-gnu/4.8.5/:/ldfssz1/ST_META/share/flow/anaconda3/bin/../libexec/gcc/]
  ignore line: [LIBRARY_PATH=/ldfssz1/ST_META/share/flow/anaconda3/bin/../lib/gcc/x86_64-unknown-linux-gnu/4.8.5/:/ldfssz1/ST_META/share/flow/anaconda3/bin/../lib/gcc/:/ldfssz1/ST_META/share/flow/anaconda3/bin/../lib/gcc/x86_64-unknown-linux-gnu/4.8.5/../../../../lib/:/lib/../lib/:/usr/lib/../lib/:/ldfssz1/ST_META/share/flow/anaconda3/bin/../lib/gcc/x86_64-unknown-linux-gnu/4.8.5/../../../:/lib/:/usr/lib/]
  ignore line: [COLLECT_GCC_OPTIONS='-v' '-rdynamic' '-o' 'cmTC_a225f' '-mtune=generic' '-march=x86-64']
  link line: [ /ldfssz1/ST_META/share/flow/anaconda3/bin/../libexec/gcc/x86_64-unknown-linux-gnu/4.8.5/collect2 --eh-frame-hdr -m elf_x86_64 -export-dynamic -dynamic-linker /lib64/ld-linux-x86-64.so.2 -o cmTC_a225f /ldfssz1/ST_META/share/flow/anaconda3/bin/../lib/gcc/x86_64-unknown-linux-gnu/4.8.5/../../../../lib/crt1.o /ldfssz1/ST_META/share/flow/anaconda3/bin/../lib/gcc/x86_64-unknown-linux-gnu/4.8.5/../../../../lib/crti.o /ldfssz1/ST_META/share/flow/anaconda3/bin/../lib/gcc/x86_64-unknown-linux-gnu/4.8.5/crtbegin.o -L/ldfssz1/ST_META/share/flow/anaconda3/bin/../lib/gcc/x86_64-unknown-linux-gnu/4.8.5 -L/ldfssz1/ST_META/share/flow/anaconda3/bin/../lib/gcc -L/ldfssz1/ST_META/share/flow/anaconda3/bin/../lib/gcc/x86_64-unknown-linux-gnu/4.8.5/../../../../lib -L/lib/../lib -L/usr/lib/../lib -L/ldfssz1/ST_META/share/flow/anaconda3/bin/../lib/gcc/x86_64-unknown-linux-gnu/4.8.5/../../.. CMakeFiles/cmTC_a225f.dir/CMakeCCompilerABI.c.o -lgcc --as-needed -lgcc_s --no-as-needed -lc -lgcc --as-needed -lgcc_s --no-as-needed /ldfssz1/ST_META/share/flow/anaconda3/bin/../lib/gcc/x86_64-unknown-linux-gnu/4.8.5/crtend.o /ldfssz1/ST_META/share/flow/anaconda3/bin/../lib/gcc/x86_64-unknown-linux-gnu/4.8.5/../../../../lib/crtn.o]
    arg [/ldfssz1/ST_META/share/flow/anaconda3/bin/../libexec/gcc/x86_64-unknown-linux-gnu/4.8.5/collect2] ==> ignore
    arg [--eh-frame-hdr] ==> ignore
    arg [-m] ==> ignore
    arg [elf_x86_64] ==> ignore
    arg [-export-dynamic] ==> ignore
    arg [-dynamic-linker] ==> ignore
    arg [/lib64/ld-linux-x86-64.so.2] ==> ignore
    arg [-o] ==> ignore
    arg [cmTC_a225f] ==> ignore
    arg [/ldfssz1/ST_META/share/flow/anaconda3/bin/../lib/gcc/x86_64-unknown-linux-gnu/4.8.5/../../../../lib/crt1.o] ==> ignore
    arg [/ldfssz1/ST_META/share/flow/anaconda3/bin/../lib/gcc/x86_64-unknown-linux-gnu/4.8.5/../../../../lib/crti.o] ==> ignore
    arg [/ldfssz1/ST_META/share/flow/anaconda3/bin/../lib/gcc/x86_64-unknown-linux-gnu/4.8.5/crtbegin.o] ==> ignore
    arg [-L/ldfssz1/ST_META/share/flow/anaconda3/bin/../lib/gcc/x86_64-unknown-linux-gnu/4.8.5] ==> dir [/ldfssz1/ST_META/share/flow/anaconda3/bin/../lib/gcc/x86_64-unknown-linux-gnu/4.8.5]
    arg [-L/ldfssz1/ST_META/share/flow/anaconda3/bin/../lib/gcc] ==> dir [/ldfssz1/ST_META/share/flow/anaconda3/bin/../lib/gcc]
    arg [-L/ldfssz1/ST_META/share/flow/anaconda3/bin/../lib/gcc/x86_64-unknown-linux-gnu/4.8.5/../../../../lib] ==> dir [/ldfssz1/ST_META/share/flow/anaconda3/bin/../lib/gcc/x86_64-unknown-linux-gnu/4.8.5/../../../../lib]
    arg [-L/lib/../lib] ==> dir [/lib/../lib]
    arg [-L/usr/lib/../lib] ==> dir [/usr/lib/../lib]
    arg [-L/ldfssz1/ST_META/share/flow/anaconda3/bin/../lib/gcc/x86_64-unknown-linux-gnu/4.8.5/../../..] ==> dir [/ldfssz1/ST_META/share/flow/anaconda3/bin/../lib/gcc/x86_64-unknown-linux-gnu/4.8.5/../../..]
    arg [CMakeFiles/cmTC_a225f.dir/CMakeCCompilerABI.c.o] ==> ignore
    arg [-lgcc] ==> lib [gcc]
    arg [--as-needed] ==> ignore
    arg [-lgcc_s] ==> lib [gcc_s]
    arg [--no-as-needed] ==> ignore
    arg [-lc] ==> lib [c]
    arg [-lgcc] ==> lib [gcc]
    arg [--as-needed] ==> ignore
    arg [-lgcc_s] ==> lib [gcc_s]
    arg [--no-as-needed] ==> ignore
    arg [/ldfssz1/ST_META/share/flow/anaconda3/bin/../lib/gcc/x86_64-unknown-linux-gnu/4.8.5/crtend.o] ==> ignore
    arg [/ldfssz1/ST_META/share/flow/anaconda3/bin/../lib/gcc/x86_64-unknown-linux-gnu/4.8.5/../../../../lib/crtn.o] ==> ignore
  collapse library dir [/ldfssz1/ST_META/share/flow/anaconda3/bin/../lib/gcc/x86_64-unknown-linux-gnu/4.8.5] ==> [/ldfssz1/ST_META/share/flow/anaconda3/lib/gcc/x86_64-unknown-linux-gnu/4.8.5]
  collapse library dir [/ldfssz1/ST_META/share/flow/anaconda3/bin/../lib/gcc] ==> [/ldfssz1/ST_META/share/flow/anaconda3/lib/gcc]
  collapse library dir [/ldfssz1/ST_META/share/flow/anaconda3/bin/../lib/gcc/x86_64-unknown-linux-gnu/4.8.5/../../../../lib] ==> [/ldfssz1/ST_META/share/flow/anaconda3/lib]
  collapse library dir [/lib/../lib] ==> [/lib]
  collapse library dir [/usr/lib/../lib] ==> [/usr/lib]
  collapse library dir [/ldfssz1/ST_META/share/flow/anaconda3/bin/../lib/gcc/x86_64-unknown-linux-gnu/4.8.5/../../..] ==> [/ldfssz1/ST_META/share/flow/anaconda3/lib]
  implicit libs: [gcc;gcc_s;c;gcc;gcc_s]
  implicit dirs: [/ldfssz1/ST_META/share/flow/anaconda3/lib/gcc/x86_64-unknown-linux-gnu/4.8.5;/ldfssz1/ST_META/share/flow/anaconda3/lib/gcc;/ldfssz1/ST_META/share/flow/anaconda3/lib;/lib;/usr/lib]
  implicit fwks: []




Detecting C [-std=c11] compiler features compiled with the following output:
Change Dir: /ldfssz1/MGI_ALGORITHM/assembly/wengjiancong/My_software/IterCluster-MCL/CMakeFiles/CMakeTmp

Run Build Command:"/usr/bin/gmake" "cmTC_79733/fast"
/usr/bin/gmake -f CMakeFiles/cmTC_79733.dir/build.make CMakeFiles/cmTC_79733.dir/build
gmake[1]: Entering directory `/ldfssz1/MGI_ALGORITHM/assembly/wengjiancong/My_software/IterCluster-MCL/CMakeFiles/CMakeTmp'
Building C object CMakeFiles/cmTC_79733.dir/feature_tests.c.o
/ldfssz1/ST_META/share/flow/anaconda3/bin/gcc   -std=c11 -o CMakeFiles/cmTC_79733.dir/feature_tests.c.o   -c /ldfssz1/MGI_ALGORITHM/assembly/wengjiancong/My_software/IterCluster-MCL/CMakeFiles/feature_tests.c
Linking C executable cmTC_79733
/ldfssz1/MGI_ALGORITHM/assembly/huangweihua/bin/cmake-3.9.1/bin/cmake -E cmake_link_script CMakeFiles/cmTC_79733.dir/link.txt --verbose=1
/ldfssz1/ST_META/share/flow/anaconda3/bin/gcc      -rdynamic CMakeFiles/cmTC_79733.dir/feature_tests.c.o  -o cmTC_79733 
/usr/bin/ld: skipping incompatible /usr/lib/../lib/libc.so when searching for -lc
gmake[1]: Leaving directory `/ldfssz1/MGI_ALGORITHM/assembly/wengjiancong/My_software/IterCluster-MCL/CMakeFiles/CMakeTmp'


    Feature record: C_FEATURE:1c_function_prototypes
    Feature record: C_FEATURE:1c_restrict
    Feature record: C_FEATURE:1c_static_assert
    Feature record: C_FEATURE:1c_variadic_macros


Detecting C [-std=c99] compiler features compiled with the following output:
Change Dir: /ldfssz1/MGI_ALGORITHM/assembly/wengjiancong/My_software/IterCluster-MCL/CMakeFiles/CMakeTmp

Run Build Command:"/usr/bin/gmake" "cmTC_ca91f/fast"
/usr/bin/gmake -f CMakeFiles/cmTC_ca91f.dir/build.make CMakeFiles/cmTC_ca91f.dir/build
gmake[1]: Entering directory `/ldfssz1/MGI_ALGORITHM/assembly/wengjiancong/My_software/IterCluster-MCL/CMakeFiles/CMakeTmp'
Building C object CMakeFiles/cmTC_ca91f.dir/feature_tests.c.o
/ldfssz1/ST_META/share/flow/anaconda3/bin/gcc   -std=c99 -o CMakeFiles/cmTC_ca91f.dir/feature_tests.c.o   -c /ldfssz1/MGI_ALGORITHM/assembly/wengjiancong/My_software/IterCluster-MCL/CMakeFiles/feature_tests.c
Linking C executable cmTC_ca91f
/ldfssz1/MGI_ALGORITHM/assembly/huangweihua/bin/cmake-3.9.1/bin/cmake -E cmake_link_script CMakeFiles/cmTC_ca91f.dir/link.txt --verbose=1
/ldfssz1/ST_META/share/flow/anaconda3/bin/gcc      -rdynamic CMakeFiles/cmTC_ca91f.dir/feature_tests.c.o  -o cmTC_ca91f 
/usr/bin/ld: skipping incompatible /usr/lib/../lib/libc.so when searching for -lc
gmake[1]: Leaving directory `/ldfssz1/MGI_ALGORITHM/assembly/wengjiancong/My_software/IterCluster-MCL/CMakeFiles/CMakeTmp'


    Feature record: C_FEATURE:1c_function_prototypes
    Feature record: C_FEATURE:1c_restrict
    Feature record: C_FEATURE:0c_static_assert
    Feature record: C_FEATURE:1c_variadic_macros


Detecting C [-std=c90] compiler features compiled with the following output:
Change Dir: /ldfssz1/MGI_ALGORITHM/assembly/wengjiancong/My_software/IterCluster-MCL/CMakeFiles/CMakeTmp

Run Build Command:"/usr/bin/gmake" "cmTC_aa4f0/fast"
/usr/bin/gmake -f CMakeFiles/cmTC_aa4f0.dir/build.make CMakeFiles/cmTC_aa4f0.dir/build
gmake[1]: Entering directory `/ldfssz1/MGI_ALGORITHM/assembly/wengjiancong/My_software/IterCluster-MCL/CMakeFiles/CMakeTmp'
Building C object CMakeFiles/cmTC_aa4f0.dir/feature_tests.c.o
/ldfssz1/ST_META/share/flow/anaconda3/bin/gcc   -std=c90 -o CMakeFiles/cmTC_aa4f0.dir/feature_tests.c.o   -c /ldfssz1/MGI_ALGORITHM/assembly/wengjiancong/My_software/IterCluster-MCL/CMakeFiles/feature_tests.c
Linking C executable cmTC_aa4f0
/ldfssz1/MGI_ALGORITHM/assembly/huangweihua/bin/cmake-3.9.1/bin/cmake -E cmake_link_script CMakeFiles/cmTC_aa4f0.dir/link.txt --verbose=1
/ldfssz1/ST_META/share/flow/anaconda3/bin/gcc      -rdynamic CMakeFiles/cmTC_aa4f0.dir/feature_tests.c.o  -o cmTC_aa4f0 
/usr/bin/ld: skipping incompatible /usr/lib/../lib/libc.so when searching for -lc
gmake[1]: Leaving directory `/ldfssz1/MGI_ALGORITHM/assembly/wengjiancong/My_software/IterCluster-MCL/CMakeFiles/CMakeTmp'


    Feature record: C_FEATURE:1c_function_prototypes
    Feature record: C_FEATURE:0c_restrict
    Feature record: C_FEATURE:0c_static_assert
    Feature record: C_FEATURE:0c_variadic_macros
Determining if the CXX compiler works passed with the following output:
Change Dir: /ldfssz1/MGI_ALGORITHM/assembly/wengjiancong/My_software/IterCluster-MCL/CMakeFiles/CMakeTmp

Run Build Command:"/usr/bin/gmake" "cmTC_17bf0/fast"
/usr/bin/gmake -f CMakeFiles/cmTC_17bf0.dir/build.make CMakeFiles/cmTC_17bf0.dir/build
gmake[1]: Entering directory `/ldfssz1/MGI_ALGORITHM/assembly/wengjiancong/My_software/IterCluster-MCL/CMakeFiles/CMakeTmp'
Building CXX object CMakeFiles/cmTC_17bf0.dir/testCXXCompiler.cxx.o
/share/app/gcc-5.2.0/bin/g++     -o CMakeFiles/cmTC_17bf0.dir/testCXXCompiler.cxx.o -c /ldfssz1/MGI_ALGORITHM/assembly/wengjiancong/My_software/IterCluster-MCL/CMakeFiles/CMakeTmp/testCXXCompiler.cxx
Linking CXX executable cmTC_17bf0
/ldfssz1/MGI_ALGORITHM/assembly/huangweihua/bin/cmake-3.9.1/bin/cmake -E cmake_link_script CMakeFiles/cmTC_17bf0.dir/link.txt --verbose=1
/share/app/gcc-5.2.0/bin/g++       -rdynamic CMakeFiles/cmTC_17bf0.dir/testCXXCompiler.cxx.o  -o cmTC_17bf0 
gmake[1]: Leaving directory `/ldfssz1/MGI_ALGORITHM/assembly/wengjiancong/My_software/IterCluster-MCL/CMakeFiles/CMakeTmp'


Detecting CXX compiler ABI info compiled with the following output:
Change Dir: /ldfssz1/MGI_ALGORITHM/assembly/wengjiancong/My_software/IterCluster-MCL/CMakeFiles/CMakeTmp

Run Build Command:"/usr/bin/gmake" "cmTC_5dd68/fast"
/usr/bin/gmake -f CMakeFiles/cmTC_5dd68.dir/build.make CMakeFiles/cmTC_5dd68.dir/build
gmake[1]: Entering directory `/ldfssz1/MGI_ALGORITHM/assembly/wengjiancong/My_software/IterCluster-MCL/CMakeFiles/CMakeTmp'
Building CXX object CMakeFiles/cmTC_5dd68.dir/CMakeCXXCompilerABI.cpp.o
/share/app/gcc-5.2.0/bin/g++     -o CMakeFiles/cmTC_5dd68.dir/CMakeCXXCompilerABI.cpp.o -c /ldfssz1/MGI_ALGORITHM/assembly/huangweihua/bin/cmake-3.9.1/Modules/CMakeCXXCompilerABI.cpp
Linking CXX executable cmTC_5dd68
/ldfssz1/MGI_ALGORITHM/assembly/huangweihua/bin/cmake-3.9.1/bin/cmake -E cmake_link_script CMakeFiles/cmTC_5dd68.dir/link.txt --verbose=1
/share/app/gcc-5.2.0/bin/g++      -v -rdynamic CMakeFiles/cmTC_5dd68.dir/CMakeCXXCompilerABI.cpp.o  -o cmTC_5dd68 
Using built-in specs.
COLLECT_GCC=/share/app/gcc-5.2.0/bin/g++
COLLECT_LTO_WRAPPER=/share/app/gcc-5.2.0/libexec/gcc/x86_64-unknown-linux-gnu/5.2.0/lto-wrapper
Target: x86_64-unknown-linux-gnu
Configured with: ./configure --prefix=/share/app/gcc-5.2.0/ --disable-multilib --enable-threads=posix
Thread model: posix
gcc version 5.2.0 (GCC) 
COMPILER_PATH=/share/app/gcc-5.2.0/libexec/gcc/x86_64-unknown-linux-gnu/5.2.0/:/share/app/gcc-5.2.0/libexec/gcc/x86_64-unknown-linux-gnu/5.2.0/:/share/app/gcc-5.2.0/libexec/gcc/x86_64-unknown-linux-gnu/:/share/app/gcc-5.2.0/lib/gcc/x86_64-unknown-linux-gnu/5.2.0/:/share/app/gcc-5.2.0/lib/gcc/x86_64-unknown-linux-gnu/
LIBRARY_PATH=/share/app/gcc-5.2.0/lib/gcc/x86_64-unknown-linux-gnu/5.2.0/:/share/app/gcc-5.2.0/lib/gcc/x86_64-unknown-linux-gnu/5.2.0/../../../../lib64/:/lib/../lib64/:/usr/lib/../lib64/:/share/app/gcc-5.2.0/lib/gcc/x86_64-unknown-linux-gnu/5.2.0/../../../:/lib/:/usr/lib/
COLLECT_GCC_OPTIONS='-v' '-rdynamic' '-o' 'cmTC_5dd68' '-shared-libgcc' '-mtune=generic' '-march=x86-64'
 /share/app/gcc-5.2.0/libexec/gcc/x86_64-unknown-linux-gnu/5.2.0/collect2 --eh-frame-hdr -m elf_x86_64 -export-dynamic -dynamic-linker /lib64/ld-linux-x86-64.so.2 -o cmTC_5dd68 /usr/lib/../lib64/crt1.o /usr/lib/../lib64/crti.o /share/app/gcc-5.2.0/lib/gcc/x86_64-unknown-linux-gnu/5.2.0/crtbegin.o -L/share/app/gcc-5.2.0/lib/gcc/x86_64-unknown-linux-gnu/5.2.0 -L/share/app/gcc-5.2.0/lib/gcc/x86_64-unknown-linux-gnu/5.2.0/../../../../lib64 -L/lib/../lib64 -L/usr/lib/../lib64 -L/share/app/gcc-5.2.0/lib/gcc/x86_64-unknown-linux-gnu/5.2.0/../../.. CMakeFiles/cmTC_5dd68.dir/CMakeCXXCompilerABI.cpp.o -lstdc++ -lm -lgcc_s -lgcc -lc -lgcc_s -lgcc /share/app/gcc-5.2.0/lib/gcc/x86_64-unknown-linux-gnu/5.2.0/crtend.o /usr/lib/../lib64/crtn.o
gmake[1]: Leaving directory `/ldfssz1/MGI_ALGORITHM/assembly/wengjiancong/My_software/IterCluster-MCL/CMakeFiles/CMakeTmp'


Parsed CXX implicit link information from above output:
  link line regex: [^( *|.*[/\])(ld|CMAKE_LINK_STARTFILE-NOTFOUND|([^/\]+-)?ld|collect2)[^/\]*( |$)]
  ignore line: [Change Dir: /ldfssz1/MGI_ALGORITHM/assembly/wengjiancong/My_software/IterCluster-MCL/CMakeFiles/CMakeTmp]
  ignore line: []
  ignore line: [Run Build Command:"/usr/bin/gmake" "cmTC_5dd68/fast"]
  ignore line: [/usr/bin/gmake -f CMakeFiles/cmTC_5dd68.dir/build.make CMakeFiles/cmTC_5dd68.dir/build]
  ignore line: [gmake[1]: Entering directory `/ldfssz1/MGI_ALGORITHM/assembly/wengjiancong/My_software/IterCluster-MCL/CMakeFiles/CMakeTmp']
  ignore line: [Building CXX object CMakeFiles/cmTC_5dd68.dir/CMakeCXXCompilerABI.cpp.o]
  ignore line: [/share/app/gcc-5.2.0/bin/g++     -o CMakeFiles/cmTC_5dd68.dir/CMakeCXXCompilerABI.cpp.o -c /ldfssz1/MGI_ALGORITHM/assembly/huangweihua/bin/cmake-3.9.1/Modules/CMakeCXXCompilerABI.cpp]
  ignore line: [Linking CXX executable cmTC_5dd68]
  ignore line: [/ldfssz1/MGI_ALGORITHM/assembly/huangweihua/bin/cmake-3.9.1/bin/cmake -E cmake_link_script CMakeFiles/cmTC_5dd68.dir/link.txt --verbose=1]
  ignore line: [/share/app/gcc-5.2.0/bin/g++      -v -rdynamic CMakeFiles/cmTC_5dd68.dir/CMakeCXXCompilerABI.cpp.o  -o cmTC_5dd68 ]
  ignore line: [Using built-in specs.]
  ignore line: [COLLECT_GCC=/share/app/gcc-5.2.0/bin/g++]
  ignore line: [COLLECT_LTO_WRAPPER=/share/app/gcc-5.2.0/libexec/gcc/x86_64-unknown-linux-gnu/5.2.0/lto-wrapper]
  ignore line: [Target: x86_64-unknown-linux-gnu]
  ignore line: [Configured with: ./configure --prefix=/share/app/gcc-5.2.0/ --disable-multilib --enable-threads=posix]
  ignore line: [Thread model: posix]
  ignore line: [gcc version 5.2.0 (GCC) ]
  ignore line: [COMPILER_PATH=/share/app/gcc-5.2.0/libexec/gcc/x86_64-unknown-linux-gnu/5.2.0/:/share/app/gcc-5.2.0/libexec/gcc/x86_64-unknown-linux-gnu/5.2.0/:/share/app/gcc-5.2.0/libexec/gcc/x86_64-unknown-linux-gnu/:/share/app/gcc-5.2.0/lib/gcc/x86_64-unknown-linux-gnu/5.2.0/:/share/app/gcc-5.2.0/lib/gcc/x86_64-unknown-linux-gnu/]
  ignore line: [LIBRARY_PATH=/share/app/gcc-5.2.0/lib/gcc/x86_64-unknown-linux-gnu/5.2.0/:/share/app/gcc-5.2.0/lib/gcc/x86_64-unknown-linux-gnu/5.2.0/../../../../lib64/:/lib/../lib64/:/usr/lib/../lib64/:/share/app/gcc-5.2.0/lib/gcc/x86_64-unknown-linux-gnu/5.2.0/../../../:/lib/:/usr/lib/]
  ignore line: [COLLECT_GCC_OPTIONS='-v' '-rdynamic' '-o' 'cmTC_5dd68' '-shared-libgcc' '-mtune=generic' '-march=x86-64']
  link line: [ /share/app/gcc-5.2.0/libexec/gcc/x86_64-unknown-linux-gnu/5.2.0/collect2 --eh-frame-hdr -m elf_x86_64 -export-dynamic -dynamic-linker /lib64/ld-linux-x86-64.so.2 -o cmTC_5dd68 /usr/lib/../lib64/crt1.o /usr/lib/../lib64/crti.o /share/app/gcc-5.2.0/lib/gcc/x86_64-unknown-linux-gnu/5.2.0/crtbegin.o -L/share/app/gcc-5.2.0/lib/gcc/x86_64-unknown-linux-gnu/5.2.0 -L/share/app/gcc-5.2.0/lib/gcc/x86_64-unknown-linux-gnu/5.2.0/../../../../lib64 -L/lib/../lib64 -L/usr/lib/../lib64 -L/share/app/gcc-5.2.0/lib/gcc/x86_64-unknown-linux-gnu/5.2.0/../../.. CMakeFiles/cmTC_5dd68.dir/CMakeCXXCompilerABI.cpp.o -lstdc++ -lm -lgcc_s -lgcc -lc -lgcc_s -lgcc /share/app/gcc-5.2.0/lib/gcc/x86_64-unknown-linux-gnu/5.2.0/crtend.o /usr/lib/../lib64/crtn.o]
    arg [/share/app/gcc-5.2.0/libexec/gcc/x86_64-unknown-linux-gnu/5.2.0/collect2] ==> ignore
    arg [--eh-frame-hdr] ==> ignore
    arg [-m] ==> ignore
    arg [elf_x86_64] ==> ignore
    arg [-export-dynamic] ==> ignore
    arg [-dynamic-linker] ==> ignore
    arg [/lib64/ld-linux-x86-64.so.2] ==> ignore
    arg [-o] ==> ignore
    arg [cmTC_5dd68] ==> ignore
    arg [/usr/lib/../lib64/crt1.o] ==> ignore
    arg [/usr/lib/../lib64/crti.o] ==> ignore
    arg [/share/app/gcc-5.2.0/lib/gcc/x86_64-unknown-linux-gnu/5.2.0/crtbegin.o] ==> ignore
    arg [-L/share/app/gcc-5.2.0/lib/gcc/x86_64-unknown-linux-gnu/5.2.0] ==> dir [/share/app/gcc-5.2.0/lib/gcc/x86_64-unknown-linux-gnu/5.2.0]
    arg [-L/share/app/gcc-5.2.0/lib/gcc/x86_64-unknown-linux-gnu/5.2.0/../../../../lib64] ==> dir [/share/app/gcc-5.2.0/lib/gcc/x86_64-unknown-linux-gnu/5.2.0/../../../../lib64]
    arg [-L/lib/../lib64] ==> dir [/lib/../lib64]
    arg [-L/usr/lib/../lib64] ==> dir [/usr/lib/../lib64]
    arg [-L/share/app/gcc-5.2.0/lib/gcc/x86_64-unknown-linux-gnu/5.2.0/../../..] ==> dir [/share/app/gcc-5.2.0/lib/gcc/x86_64-unknown-linux-gnu/5.2.0/../../..]
    arg [CMakeFiles/cmTC_5dd68.dir/CMakeCXXCompilerABI.cpp.o] ==> ignore
    arg [-lstdc++] ==> lib [stdc++]
    arg [-lm] ==> lib [m]
    arg [-lgcc_s] ==> lib [gcc_s]
    arg [-lgcc] ==> lib [gcc]
    arg [-lc] ==> lib [c]
    arg [-lgcc_s] ==> lib [gcc_s]
    arg [-lgcc] ==> lib [gcc]
    arg [/share/app/gcc-5.2.0/lib/gcc/x86_64-unknown-linux-gnu/5.2.0/crtend.o] ==> ignore
    arg [/usr/lib/../lib64/crtn.o] ==> ignore
  collapse library dir [/share/app/gcc-5.2.0/lib/gcc/x86_64-unknown-linux-gnu/5.2.0] ==> [/share/app/gcc-5.2.0/lib/gcc/x86_64-unknown-linux-gnu/5.2.0]
  collapse library dir [/share/app/gcc-5.2.0/lib/gcc/x86_64-unknown-linux-gnu/5.2.0/../../../../lib64] ==> [/share/app/gcc-5.2.0/lib64]
  collapse library dir [/lib/../lib64] ==> [/lib64]
  collapse library dir [/usr/lib/../lib64] ==> [/usr/lib64]
  collapse library dir [/share/app/gcc-5.2.0/lib/gcc/x86_64-unknown-linux-gnu/5.2.0/../../..] ==> [/share/app/gcc-5.2.0/lib]
  implicit libs: [stdc++;m;gcc_s;gcc;c;gcc_s;gcc]
  implicit dirs: [/share/app/gcc-5.2.0/lib/gcc/x86_64-unknown-linux-gnu/5.2.0;/share/app/gcc-5.2.0/lib64;/lib64;/usr/lib64;/share/app/gcc-5.2.0/lib]
  implicit fwks: []




Detecting CXX [-std=c++1z] compiler features compiled with the following output:
Change Dir: /ldfssz1/MGI_ALGORITHM/assembly/wengjiancong/My_software/IterCluster-MCL/CMakeFiles/CMakeTmp

Run Build Command:"/usr/bin/gmake" "cmTC_94e0b/fast"
/usr/bin/gmake -f CMakeFiles/cmTC_94e0b.dir/build.make CMakeFiles/cmTC_94e0b.dir/build
gmake[1]: Entering directory `/ldfssz1/MGI_ALGORITHM/assembly/wengjiancong/My_software/IterCluster-MCL/CMakeFiles/CMakeTmp'
Building CXX object CMakeFiles/cmTC_94e0b.dir/feature_tests.cxx.o
/share/app/gcc-5.2.0/bin/g++    -std=c++1z -o CMakeFiles/cmTC_94e0b.dir/feature_tests.cxx.o -c /ldfssz1/MGI_ALGORITHM/assembly/wengjiancong/My_software/IterCluster-MCL/CMakeFiles/feature_tests.cxx
Linking CXX executable cmTC_94e0b
/ldfssz1/MGI_ALGORITHM/assembly/huangweihua/bin/cmake-3.9.1/bin/cmake -E cmake_link_script CMakeFiles/cmTC_94e0b.dir/link.txt --verbose=1
/share/app/gcc-5.2.0/bin/g++       -rdynamic CMakeFiles/cmTC_94e0b.dir/feature_tests.cxx.o  -o cmTC_94e0b 
gmake[1]: Leaving directory `/ldfssz1/MGI_ALGORITHM/assembly/wengjiancong/My_software/IterCluster-MCL/CMakeFiles/CMakeTmp'


    Feature record: CXX_FEATURE:1cxx_aggregate_default_initializers
    Feature record: CXX_FEATURE:1cxx_alias_templates
    Feature record: CXX_FEATURE:1cxx_alignas
    Feature record: CXX_FEATURE:1cxx_alignof
    Feature record: CXX_FEATURE:1cxx_attributes
    Feature record: CXX_FEATURE:1cxx_attribute_deprecated
    Feature record: CXX_FEATURE:1cxx_auto_type
    Feature record: CXX_FEATURE:1cxx_binary_literals
    Feature record: CXX_FEATURE:1cxx_constexpr
    Feature record: CXX_FEATURE:1cxx_contextual_conversions
    Feature record: CXX_FEATURE:1cxx_decltype
    Feature record: CXX_FEATURE:1cxx_decltype_auto
    Feature record: CXX_FEATURE:1cxx_decltype_incomplete_return_types
    Feature record: CXX_FEATURE:1cxx_default_function_template_args
    Feature record: CXX_FEATURE:1cxx_defaulted_functions
    Feature record: CXX_FEATURE:1cxx_defaulted_move_initializers
    Feature record: CXX_FEATURE:1cxx_delegating_constructors
    Feature record: CXX_FEATURE:1cxx_deleted_functions
    Feature record: CXX_FEATURE:1cxx_digit_separators
    Feature record: CXX_FEATURE:1cxx_enum_forward_declarations
    Feature record: CXX_FEATURE:1cxx_explicit_conversions
    Feature record: CXX_FEATURE:1cxx_extended_friend_declarations
    Feature record: CXX_FEATURE:1cxx_extern_templates
    Feature record: CXX_FEATURE:1cxx_final
    Feature record: CXX_FEATURE:1cxx_func_identifier
    Feature record: CXX_FEATURE:1cxx_generalized_initializers
    Feature record: CXX_FEATURE:1cxx_generic_lambdas
    Feature record: CXX_FEATURE:1cxx_inheriting_constructors
    Feature record: CXX_FEATURE:1cxx_inline_namespaces
    Feature record: CXX_FEATURE:1cxx_lambdas
    Feature record: CXX_FEATURE:1cxx_lambda_init_captures
    Feature record: CXX_FEATURE:1cxx_local_type_template_args
    Feature record: CXX_FEATURE:1cxx_long_long_type
    Feature record: CXX_FEATURE:1cxx_noexcept
    Feature record: CXX_FEATURE:1cxx_nonstatic_member_init
    Feature record: CXX_FEATURE:1cxx_nullptr
    Feature record: CXX_FEATURE:1cxx_override
    Feature record: CXX_FEATURE:1cxx_range_for
    Feature record: CXX_FEATURE:1cxx_raw_string_literals
    Feature record: CXX_FEATURE:1cxx_reference_qualified_functions
    Feature record: CXX_FEATURE:1cxx_relaxed_constexpr
    Feature record: CXX_FEATURE:1cxx_return_type_deduction
    Feature record: CXX_FEATURE:1cxx_right_angle_brackets
    Feature record: CXX_FEATURE:1cxx_rvalue_references
    Feature record: CXX_FEATURE:1cxx_sizeof_member
    Feature record: CXX_FEATURE:1cxx_static_assert
    Feature record: CXX_FEATURE:1cxx_strong_enums
    Feature record: CXX_FEATURE:1cxx_template_template_parameters
    Feature record: CXX_FEATURE:1cxx_thread_local
    Feature record: CXX_FEATURE:1cxx_trailing_return_types
    Feature record: CXX_FEATURE:1cxx_unicode_literals
    Feature record: CXX_FEATURE:1cxx_uniform_initialization
    Feature record: CXX_FEATURE:1cxx_unrestricted_unions
    Feature record: CXX_FEATURE:1cxx_user_literals
    Feature record: CXX_FEATURE:1cxx_variable_templates
    Feature record: CXX_FEATURE:1cxx_variadic_macros
    Feature record: CXX_FEATURE:1cxx_variadic_templates


Detecting CXX [-std=c++14] compiler features compiled with the following output:
Change Dir: /ldfssz1/MGI_ALGORITHM/assembly/wengjiancong/My_software/IterCluster-MCL/CMakeFiles/CMakeTmp

Run Build Command:"/usr/bin/gmake" "cmTC_b2500/fast"
/usr/bin/gmake -f CMakeFiles/cmTC_b2500.dir/build.make CMakeFiles/cmTC_b2500.dir/build
gmake[1]: Entering directory `/ldfssz1/MGI_ALGORITHM/assembly/wengjiancong/My_software/IterCluster-MCL/CMakeFiles/CMakeTmp'
Building CXX object CMakeFiles/cmTC_b2500.dir/feature_tests.cxx.o
/share/app/gcc-5.2.0/bin/g++    -std=c++14 -o CMakeFiles/cmTC_b2500.dir/feature_tests.cxx.o -c /ldfssz1/MGI_ALGORITHM/assembly/wengjiancong/My_software/IterCluster-MCL/CMakeFiles/feature_tests.cxx
Linking CXX executable cmTC_b2500
/ldfssz1/MGI_ALGORITHM/assembly/huangweihua/bin/cmake-3.9.1/bin/cmake -E cmake_link_script CMakeFiles/cmTC_b2500.dir/link.txt --verbose=1
/share/app/gcc-5.2.0/bin/g++       -rdynamic CMakeFiles/cmTC_b2500.dir/feature_tests.cxx.o  -o cmTC_b2500 
gmake[1]: Leaving directory `/ldfssz1/MGI_ALGORITHM/assembly/wengjiancong/My_software/IterCluster-MCL/CMakeFiles/CMakeTmp'


    Feature record: CXX_FEATURE:1cxx_aggregate_default_initializers
    Feature record: CXX_FEATURE:1cxx_alias_templates
    Feature record: CXX_FEATURE:1cxx_alignas
    Feature record: CXX_FEATURE:1cxx_alignof
    Feature record: CXX_FEATURE:1cxx_attributes
    Feature record: CXX_FEATURE:1cxx_attribute_deprecated
    Feature record: CXX_FEATURE:1cxx_auto_type
    Feature record: CXX_FEATURE:1cxx_binary_literals
    Feature record: CXX_FEATURE:1cxx_constexpr
    Feature record: CXX_FEATURE:1cxx_contextual_conversions
    Feature record: CXX_FEATURE:1cxx_decltype
    Feature record: CXX_FEATURE:1cxx_decltype_auto
    Feature record: CXX_FEATURE:1cxx_decltype_incomplete_return_types
    Feature record: CXX_FEATURE:1cxx_default_function_template_args
    Feature record: CXX_FEATURE:1cxx_defaulted_functions
    Feature record: CXX_FEATURE:1cxx_defaulted_move_initializers
    Feature record: CXX_FEATURE:1cxx_delegating_constructors
    Feature record: CXX_FEATURE:1cxx_deleted_functions
    Feature record: CXX_FEATURE:1cxx_digit_separators
    Feature record: CXX_FEATURE:1cxx_enum_forward_declarations
    Feature record: CXX_FEATURE:1cxx_explicit_conversions
    Feature record: CXX_FEATURE:1cxx_extended_friend_declarations
    Feature record: CXX_FEATURE:1cxx_extern_templates
    Feature record: CXX_FEATURE:1cxx_final
    Feature record: CXX_FEATURE:1cxx_func_identifier
    Feature record: CXX_FEATURE:1cxx_generalized_initializers
    Feature record: CXX_FEATURE:1cxx_generic_lambdas
    Feature record: CXX_FEATURE:1cxx_inheriting_constructors
    Feature record: CXX_FEATURE:1cxx_inline_namespaces
    Feature record: CXX_FEATURE:1cxx_lambdas
    Feature record: CXX_FEATURE:1cxx_lambda_init_captures
    Feature record: CXX_FEATURE:1cxx_local_type_template_args
    Feature record: CXX_FEATURE:1cxx_long_long_type
    Feature record: CXX_FEATURE:1cxx_noexcept
    Feature record: CXX_FEATURE:1cxx_nonstatic_member_init
    Feature record: CXX_FEATURE:1cxx_nullptr
    Feature record: CXX_FEATURE:1cxx_override
    Feature record: CXX_FEATURE:1cxx_range_for
    Feature record: CXX_FEATURE:1cxx_raw_string_literals
    Feature record: CXX_FEATURE:1cxx_reference_qualified_functions
    Feature record: CXX_FEATURE:1cxx_relaxed_constexpr
    Feature record: CXX_FEATURE:1cxx_return_type_deduction
    Feature record: CXX_FEATURE:1cxx_right_angle_brackets
    Feature record: CXX_FEATURE:1cxx_rvalue_references
    Feature record: CXX_FEATURE:1cxx_sizeof_member
    Feature record: CXX_FEATURE:1cxx_static_assert
    Feature record: CXX_FEATURE:1cxx_strong_enums
    Feature record: CXX_FEATURE:1cxx_template_template_parameters
    Feature record: CXX_FEATURE:1cxx_thread_local
    Feature record: CXX_FEATURE:1cxx_trailing_return_types
    Feature record: CXX_FEATURE:1cxx_unicode_literals
    Feature record: CXX_FEATURE:1cxx_uniform_initialization
    Feature record: CXX_FEATURE:1cxx_unrestricted_unions
    Feature record: CXX_FEATURE:1cxx_user_literals
    Feature record: CXX_FEATURE:1cxx_variable_templates
    Feature record: CXX_FEATURE:1cxx_variadic_macros
    Feature record: CXX_FEATURE:1cxx_variadic_templates


Detecting CXX [-std=c++11] compiler features compiled with the following output:
Change Dir: /ldfssz1/MGI_ALGORITHM/assembly/wengjiancong/My_software/IterCluster-MCL/CMakeFiles/CMakeTmp

Run Build Command:"/usr/bin/gmake" "cmTC_d2be4/fast"
/usr/bin/gmake -f CMakeFiles/cmTC_d2be4.dir/build.make CMakeFiles/cmTC_d2be4.dir/build
gmake[1]: Entering directory `/ldfssz1/MGI_ALGORITHM/assembly/wengjiancong/My_software/IterCluster-MCL/CMakeFiles/CMakeTmp'
Building CXX object CMakeFiles/cmTC_d2be4.dir/feature_tests.cxx.o
/share/app/gcc-5.2.0/bin/g++    -std=c++11 -o CMakeFiles/cmTC_d2be4.dir/feature_tests.cxx.o -c /ldfssz1/MGI_ALGORITHM/assembly/wengjiancong/My_software/IterCluster-MCL/CMakeFiles/feature_tests.cxx
Linking CXX executable cmTC_d2be4
/ldfssz1/MGI_ALGORITHM/assembly/huangweihua/bin/cmake-3.9.1/bin/cmake -E cmake_link_script CMakeFiles/cmTC_d2be4.dir/link.txt --verbose=1
/share/app/gcc-5.2.0/bin/g++       -rdynamic CMakeFiles/cmTC_d2be4.dir/feature_tests.cxx.o  -o cmTC_d2be4 
gmake[1]: Leaving directory `/ldfssz1/MGI_ALGORITHM/assembly/wengjiancong/My_software/IterCluster-MCL/CMakeFiles/CMakeTmp'


    Feature record: CXX_FEATURE:0cxx_aggregate_default_initializers
    Feature record: CXX_FEATURE:1cxx_alias_templates
    Feature record: CXX_FEATURE:1cxx_alignas
    Feature record: CXX_FEATURE:1cxx_alignof
    Feature record: CXX_FEATURE:1cxx_attributes
    Feature record: CXX_FEATURE:0cxx_attribute_deprecated
    Feature record: CXX_FEATURE:1cxx_auto_type
    Feature record: CXX_FEATURE:0cxx_binary_literals
    Feature record: CXX_FEATURE:1cxx_constexpr
    Feature record: CXX_FEATURE:0cxx_contextual_conversions
    Feature record: CXX_FEATURE:1cxx_decltype
    Feature record: CXX_FEATURE:0cxx_decltype_auto
    Feature record: CXX_FEATURE:1cxx_decltype_incomplete_return_types
    Feature record: CXX_FEATURE:1cxx_default_function_template_args
    Feature record: CXX_FEATURE:1cxx_defaulted_functions
    Feature record: CXX_FEATURE:1cxx_defaulted_move_initializers
    Feature record: CXX_FEATURE:1cxx_delegating_constructors
    Feature record: CXX_FEATURE:1cxx_deleted_functions
    Feature record: CXX_FEATURE:0cxx_digit_separators
    Feature record: CXX_FEATURE:1cxx_enum_forward_declarations
    Feature record: CXX_FEATURE:1cxx_explicit_conversions
    Feature record: CXX_FEATURE:1cxx_extended_friend_declarations
    Feature record: CXX_FEATURE:1cxx_extern_templates
    Feature record: CXX_FEATURE:1cxx_final
    Feature record: CXX_FEATURE:1cxx_func_identifier
    Feature record: CXX_FEATURE:1cxx_generalized_initializers
    Feature record: CXX_FEATURE:0cxx_generic_lambdas
    Feature record: CXX_FEATURE:1cxx_inheriting_constructors
    Feature record: CXX_FEATURE:1cxx_inline_namespaces
    Feature record: CXX_FEATURE:1cxx_lambdas
    Feature record: CXX_FEATURE:0cxx_lambda_init_captures
    Feature record: CXX_FEATURE:1cxx_local_type_template_args
    Feature record: CXX_FEATURE:1cxx_long_long_type
    Feature record: CXX_FEATURE:1cxx_noexcept
    Feature record: CXX_FEATURE:1cxx_nonstatic_member_init
    Feature record: CXX_FEATURE:1cxx_nullptr
    Feature record: CXX_FEATURE:1cxx_override
    Feature record: CXX_FEATURE:1cxx_range_for
    Feature record: CXX_FEATURE:1cxx_raw_string_literals
    Feature record: CXX_FEATURE:1cxx_reference_qualified_functions
    Feature record: CXX_FEATURE:0cxx_relaxed_constexpr
    Feature record: CXX_FEATURE:0cxx_return_type_deduction
    Feature record: CXX_FEATURE:1cxx_right_angle_brackets
    Feature record: CXX_FEATURE:1cxx_rvalue_references
    Feature record: CXX_FEATURE:1cxx_sizeof_member
    Feature record: CXX_FEATURE:1cxx_static_assert
    Feature record: CXX_FEATURE:1cxx_strong_enums
    Feature record: CXX_FEATURE:1cxx_template_template_parameters
    Feature record: CXX_FEATURE:1cxx_thread_local
    Feature record: CXX_FEATURE:1cxx_trailing_return_types
    Feature record: CXX_FEATURE:1cxx_unicode_literals
    Feature record: CXX_FEATURE:1cxx_uniform_initialization
    Feature record: CXX_FEATURE:1cxx_unrestricted_unions
    Feature record: CXX_FEATURE:1cxx_user_literals
    Feature record: CXX_FEATURE:0cxx_variable_templates
    Feature record: CXX_FEATURE:1cxx_variadic_macros
    Feature record: CXX_FEATURE:1cxx_variadic_templates


Detecting CXX [-std=c++98] compiler features compiled with the following output:
Change Dir: /ldfssz1/MGI_ALGORITHM/assembly/wengjiancong/My_software/IterCluster-MCL/CMakeFiles/CMakeTmp

Run Build Command:"/usr/bin/gmake" "cmTC_cef23/fast"
/usr/bin/gmake -f CMakeFiles/cmTC_cef23.dir/build.make CMakeFiles/cmTC_cef23.dir/build
gmake[1]: Entering directory `/ldfssz1/MGI_ALGORITHM/assembly/wengjiancong/My_software/IterCluster-MCL/CMakeFiles/CMakeTmp'
Building CXX object CMakeFiles/cmTC_cef23.dir/feature_tests.cxx.o
/share/app/gcc-5.2.0/bin/g++    -std=c++98 -o CMakeFiles/cmTC_cef23.dir/feature_tests.cxx.o -c /ldfssz1/MGI_ALGORITHM/assembly/wengjiancong/My_software/IterCluster-MCL/CMakeFiles/feature_tests.cxx
Linking CXX executable cmTC_cef23
/ldfssz1/MGI_ALGORITHM/assembly/huangweihua/bin/cmake-3.9.1/bin/cmake -E cmake_link_script CMakeFiles/cmTC_cef23.dir/link.txt --verbose=1
/share/app/gcc-5.2.0/bin/g++       -rdynamic CMakeFiles/cmTC_cef23.dir/feature_tests.cxx.o  -o cmTC_cef23 
gmake[1]: Leaving directory `/ldfssz1/MGI_ALGORITHM/assembly/wengjiancong/My_software/IterCluster-MCL/CMakeFiles/CMakeTmp'


    Feature record: CXX_FEATURE:0cxx_aggregate_default_initializers
    Feature record: CXX_FEATURE:0cxx_alias_templates
    Feature record: CXX_FEATURE:0cxx_alignas
    Feature record: CXX_FEATURE:0cxx_alignof
    Feature record: CXX_FEATURE:0cxx_attributes
    Feature record: CXX_FEATURE:0cxx_attribute_deprecated
    Feature record: CXX_FEATURE:0cxx_auto_type
    Feature record: CXX_FEATURE:0cxx_binary_literals
    Feature record: CXX_FEATURE:0cxx_constexpr
    Feature record: CXX_FEATURE:0cxx_contextual_conversions
    Feature record: CXX_FEATURE:0cxx_decltype
    Feature record: CXX_FEATURE:0cxx_decltype_auto
    Feature record: CXX_FEATURE:0cxx_decltype_incomplete_return_types
    Feature record: CXX_FEATURE:0cxx_default_function_template_args
    Feature record: CXX_FEATURE:0cxx_defaulted_functions
    Feature record: CXX_FEATURE:0cxx_defaulted_move_initializers
    Feature record: CXX_FEATURE:0cxx_delegating_constructors
    Feature record: CXX_FEATURE:0cxx_deleted_functions
    Feature record: CXX_FEATURE:0cxx_digit_separators
    Feature record: CXX_FEATURE:0cxx_enum_forward_declarations
    Feature record: CXX_FEATURE:0cxx_explicit_conversions
    Feature record: CXX_FEATURE:0cxx_extended_friend_declarations
    Feature record: CXX_FEATURE:0cxx_extern_templates
    Feature record: CXX_FEATURE:0cxx_final
    Feature record: CXX_FEATURE:0cxx_func_identifier
    Feature record: CXX_FEATURE:0cxx_generalized_initializers
    Feature record: CXX_FEATURE:0cxx_generic_lambdas
    Feature record: CXX_FEATURE:0cxx_inheriting_constructors
    Feature record: CXX_FEATURE:0cxx_inline_namespaces
    Feature record: CXX_FEATURE:0cxx_lambdas
    Feature record: CXX_FEATURE:0cxx_lambda_init_captures
    Feature record: CXX_FEATURE:0cxx_local_type_template_args
    Feature record: CXX_FEATURE:0cxx_long_long_type
    Feature record: CXX_FEATURE:0cxx_noexcept
    Feature record: CXX_FEATURE:0cxx_nonstatic_member_init
    Feature record: CXX_FEATURE:0cxx_nullptr
    Feature record: CXX_FEATURE:0cxx_override
    Feature record: CXX_FEATURE:0cxx_range_for
    Feature record: CXX_FEATURE:0cxx_raw_string_literals
    Feature record: CXX_FEATURE:0cxx_reference_qualified_functions
    Feature record: CXX_FEATURE:0cxx_relaxed_constexpr
    Feature record: CXX_FEATURE:0cxx_return_type_deduction
    Feature record: CXX_FEATURE:0cxx_right_angle_brackets
    Feature record: CXX_FEATURE:0cxx_rvalue_references
    Feature record: CXX_FEATURE:0cxx_sizeof_member
    Feature record: CXX_FEATURE:0cxx_static_assert
    Feature record: CXX_FEATURE:0cxx_strong_enums
    Feature record: CXX_FEATURE:1cxx_template_template_parameters
    Feature record: CXX_FEATURE:0cxx_thread_local
    Feature record: CXX_FEATURE:0cxx_trailing_return_types
    Feature record: CXX_FEATURE:0cxx_unicode_literals
    Feature record: CXX_FEATURE:0cxx_uniform_initialization
    Feature record: CXX_FEATURE:0cxx_unrestricted_unions
    Feature record: CXX_FEATURE:0cxx_user_literals
    Feature record: CXX_FEATURE:0cxx_variable_templates
    Feature record: CXX_FEATURE:0cxx_variadic_macros
    Feature record: CXX_FEATURE:0cxx_variadic_templates
